<?xml version="1.0" encoding="UTF-8"?>
<!-- Generated by org.testng.reporters.JUnitReportReporter -->
<testsuite hostname="home-Inspiron-11-3148" failures="0" tests="1" name="ui.AppTest" time="8.846" errors="0" timestamp="16 Feb 2020 20:42:23 GMT" skipped="0">
  <testcase classname="ui.AppTest" name="launchBrowser" time="8.846"/>
</testsuite> <!-- ui.AppTest -->
