<?xml version="1.0" encoding="UTF-8"?>
<!-- Generated by org.testng.reporters.JUnitReportReporter -->
<testsuite hostname="home-Inspiron-11-3148" failures="0" tests="1" name="ui.AppTest" time="16.639" errors="0" timestamp="17 Feb 2020 14:19:35 GMT" skipped="0">
  <testcase classname="ui.AppTest" name="launchBrowser" time="16.639"/>
</testsuite> <!-- ui.AppTest -->
