<?xml version="1.0" encoding="UTF-8"?>
<!-- Generated by org.testng.reporters.JUnitReportReporter -->
<testsuite hostname="dell" failures="0" tests="1" name="ui.AppTest" time="8.862" errors="0" timestamp="17 Feb 2020 20:28:04 GMT" skipped="0">
  <testcase classname="ui.AppTest" name="launchBrowser" time="8.862"/>
</testsuite> <!-- ui.AppTest -->
